<?xml version="1.0" encoding="UTF-8"?>
<!-- Generated by org.testng.reporters.JUnitXMLReporter -->
<testsuite hostname="DESKTOP-2BTOE40" ignored="2" tests="1" failures="0" timestamp="2023-11-12T20:38:05 EET" time="40.197" errors="0">
  <testcase name="ValidLogin" time="8.253" classname="LoginTest"/>
  <testcase name="invalidUsernameLogin" time="0.0" classname="LoginTest">
    <ignored/>
  </testcase> <!-- invalidUsernameLogin -->
  <testcase name="invalidPasswordLogin" time="0.0" classname="LoginTest">
    <ignored/>
  </testcase> <!-- invalidPasswordLogin -->
</testsuite>
